<?xml version="1.0" encoding="UTF-8"?>
<!-- Generated by org.testng.reporters.JUnitReportReporter -->
<testsuite hostname="Imad-PC" name="com.jukinmedia.qatest.vaccumcleaner.Ts001Tc003_Verify_Section4_MailingLinkList" tests="1" failures="0" timestamp="22 Feb 2016 20:43:41 GMT" time="32.008" errors="0">
  <testcase name="verifyMailingList" time="32.008" classname="com.jukinmedia.qatest.vaccumcleaner.Ts001Tc003_Verify_Section4_MailingLinkList"/>
</testsuite> <!-- com.jukinmedia.qatest.vaccumcleaner.Ts001Tc003_Verify_Section4_MailingLinkList -->
