<?xml version="1.0" encoding="UTF-8"?>
<!-- Generated by org.testng.reporters.JUnitReportReporter -->
<testsuite hostname="Imad-PC" name="com.jukinmedia.qatest.vaccumcleaner.Ts001TC001_VerifyLoginFunctionality" tests="1" failures="0" timestamp="22 Feb 2016 20:43:41 GMT" time="1.083" errors="0">
  <testcase name="verifyLogin" time="1.083" classname="com.jukinmedia.qatest.vaccumcleaner.Ts001TC001_VerifyLoginFunctionality"/>
</testsuite> <!-- com.jukinmedia.qatest.vaccumcleaner.Ts001TC001_VerifyLoginFunctionality -->
