<?xml version="1.0" encoding="UTF-8"?>
<!-- Generated by org.testng.reporters.JUnitReportReporter -->
<testsuite hostname="Imad-PC" name="com.jukinmedia.qatest.vaccumcleaner.Ts001Tc006_Verify_Section_8to11_FNameLNameEmailPhone" tests="1" failures="0" timestamp="22 Feb 2016 20:43:41 GMT" time="0.633" errors="0">
  <testcase name="sectionEigtToEleven" time="0.633" classname="com.jukinmedia.qatest.vaccumcleaner.Ts001Tc006_Verify_Section_8to11_FNameLNameEmailPhone"/>
</testsuite> <!-- com.jukinmedia.qatest.vaccumcleaner.Ts001Tc006_Verify_Section_8to11_FNameLNameEmailPhone -->
