<?xml version="1.0" encoding="UTF-8"?>
<!-- Generated by org.testng.reporters.JUnitReportReporter -->
<testsuite hostname="Imad-PC" name="com.jukinmedia.qatest.vaccumcleaner.Ts001Tc004_VerifySection5_HowAboutAcmeVc" tests="1" failures="0" timestamp="22 Feb 2016 20:43:41 GMT" time="1.021" errors="0">
  <testcase name="verifySectionFive" time="1.021" classname="com.jukinmedia.qatest.vaccumcleaner.Ts001Tc004_VerifySection5_HowAboutAcmeVc"/>
</testsuite> <!-- com.jukinmedia.qatest.vaccumcleaner.Ts001Tc004_VerifySection5_HowAboutAcmeVc -->
