<?xml version="1.0" encoding="UTF-8"?>
<!-- Generated by org.testng.reporters.JUnitReportReporter -->
<testsuite hostname="Imad-PC" name="com.jukinmedia.qatest.vaccumcleaner.Ts001Tc005_VerifySections_6to7_OverallExp_RecomFrnd_WhyNot" tests="1" failures="0" timestamp="22 Feb 2016 20:43:41 GMT" time="1.069" errors="0">
  <testcase name="sectionSixToSeven" time="1.069" classname="com.jukinmedia.qatest.vaccumcleaner.Ts001Tc005_VerifySections_6to7_OverallExp_RecomFrnd_WhyNot"/>
</testsuite> <!-- com.jukinmedia.qatest.vaccumcleaner.Ts001Tc005_VerifySections_6to7_OverallExp_RecomFrnd_WhyNot -->
