<?xml version="1.0" encoding="UTF-8"?>
<!-- Generated by org.testng.reporters.JUnitReportReporter -->
<testsuite hostname="Imad-PC" name="com.jukinmedia.qatest.vaccumcleaner.TestCase1" tests="1" failures="0" timestamp="22 Feb 2016 18:23:24 GMT" time="5.009" errors="0">
  <testcase name="verifyLogin" time="5.009" classname="com.jukinmedia.qatest.vaccumcleaner.TestCase1"/>
</testsuite> <!-- com.jukinmedia.qatest.vaccumcleaner.TestCase1 -->
