<?xml version="1.0" encoding="UTF-8"?>
<!-- Generated by org.testng.reporters.JUnitReportReporter -->
<testsuite hostname="Imad-PC" name="com.jukinmedia.qatest.vaccumcleaner.TS1TestCase3" tests="3" failures="0" timestamp="22 Feb 2016 18:23:24 GMT" time="34.874" errors="0">
  <testcase name="verifyMailingList" time="32.117" classname="com.jukinmedia.qatest.vaccumcleaner.TS1TestCase3"/>
  <testcase name="sectionSixToEleven" time="1.447" classname="com.jukinmedia.qatest.vaccumcleaner.TS1TestCase3"/>
  <testcase name="verifySectionFive" time="1.310" classname="com.jukinmedia.qatest.vaccumcleaner.TS1TestCase3"/>
</testsuite> <!-- com.jukinmedia.qatest.vaccumcleaner.TS1TestCase3 -->
