<?xml version="1.0" encoding="UTF-8"?>
<!-- Generated by org.testng.reporters.JUnitReportReporter -->
<testsuite hostname="Imad-PC" name="com.jukinmedia.qatest.vaccumcleaner.TS1TestCase3" tests="3" failures="0" timestamp="22 Feb 2016 18:30:39 GMT" time="35.741" errors="0">
  <testcase name="verifyMailingList" time="32.332" classname="com.jukinmedia.qatest.vaccumcleaner.TS1TestCase3"/>
  <testcase name="verifySectionFive" time="1.557" classname="com.jukinmedia.qatest.vaccumcleaner.TS1TestCase3"/>
  <testcase name="sectionSixToEleven" time="1.852" classname="com.jukinmedia.qatest.vaccumcleaner.TS1TestCase3"/>
</testsuite> <!-- com.jukinmedia.qatest.vaccumcleaner.TS1TestCase3 -->
